<?xml version="1.0" encoding="UTF-8"?>
<!-- Generated by org.testng.reporters.JUnitReportReporter -->
<testsuite hostname="Srinath" name="com.mln.excelHandling.ReadExcelData" tests="1" failures="0" timestamp="18 Aug 2022 01:59:43 GMT" time="1.119" errors="0">
  <testcase name="f" time="1.119" classname="com.mln.excelHandling.ReadExcelData"/>
</testsuite> <!-- com.mln.excelHandling.ReadExcelData -->
